<?xml version="1.0" encoding="UTF-8"?>
<TestRun id="a03039b5-3661-4b95-95ea-0748e521f91c" name="mike@Helens-iMac.local 2020-05-01T10:41:27.534Z" runUser="mike" xmlns="http://microsoft.com/schemas/VisualStudio/TeamTest/2010">
  <TestSettings name="Jest test run" id="ffe500d3-bb47-4e69-ba3d-53a1fb4c0195"/>
  <Times creation="2020-05-01T10:41:27.534Z" queuing="2020-05-01T10:41:27.534Z" start="2020-05-01T10:41:27.534Z" finish="2020-05-01T10:41:27.534Z"/>
  <ResultSummary outcome="Passed">
    <Counters total="69" executed="69" passed="69" failed="0" error="0"/>
  </ResultSummary>
  <TestDefinitions>
    <UnitTest name="&lt;FileUpload/> / renders without error" id="9643170d-88e9-43c4-9023-dbffdd533dd6">
      <Execution id="db47275e-277c-44c4-9dc6-c649a4c033df"/>
      <TestMethod codeBase="Jest_&lt;FileUpload/> / renders without error" name="&lt;FileUpload/> / renders without error" className="&lt;FileUpload/>"/>
    </UnitTest>
    <UnitTest name="&lt;FileUpload/> / Has a label with default text" id="66be8d00-a1ab-4255-a269-7d9948298cc2">
      <Execution id="5ecb0089-e779-4934-b813-a2d946e39d57"/>
      <TestMethod codeBase="Jest_&lt;FileUpload/> / Has a label with default text" name="&lt;FileUpload/> / Has a label with default text" className="&lt;FileUpload/>"/>
    </UnitTest>
    <UnitTest name="&lt;FileUpload/> / When Clicked / opens a file dialog" id="4f9120ac-7dbd-4656-9d7c-a15d831e49cf">
      <Execution id="5cc38182-aa54-457e-b885-ae4ed392e20b"/>
      <TestMethod codeBase="Jest_&lt;FileUpload/> / When Clicked / opens a file dialog" name="&lt;FileUpload/> / When Clicked / opens a file dialog" className="&lt;FileUpload/>"/>
    </UnitTest>
    <UnitTest name="&lt;FileUpload/> / When Clicked / When file selected / It calls set file " id="1bdd864b-3428-4d1c-977c-676106eba01e">
      <Execution id="525c670a-95b4-448f-bd58-052cb957a526"/>
      <TestMethod codeBase="Jest_&lt;FileUpload/> / When Clicked / When file selected / It calls set file " name="&lt;FileUpload/> / When Clicked / When file selected / It calls set file " className="&lt;FileUpload/>"/>
    </UnitTest>
    <UnitTest name="&lt;FileUpload/> / When Clicked / When file selected / It starts the workflow" id="b04edab8-1472-4e34-b05d-35798fe63b33">
      <Execution id="e0b6d382-05e3-42f3-8e91-6bc3f2c2fac4"/>
      <TestMethod codeBase="Jest_&lt;FileUpload/> / When Clicked / When file selected / It starts the workflow" name="&lt;FileUpload/> / When Clicked / When file selected / It starts the workflow" className="&lt;FileUpload/>"/>
    </UnitTest>
    <UnitTest name="&lt;Main/> / it renders without error" id="c420a577-7265-479a-a544-5246bcbfdce1">
      <Execution id="75f789b4-39ae-4daf-86f4-1085ea26509b"/>
      <TestMethod codeBase="Jest_&lt;Main/> / it renders without error" name="&lt;Main/> / it renders without error" className="&lt;Main/>"/>
    </UnitTest>
    <UnitTest name="&lt;Main/> / When disabled / Displays the input field" id="bf25a859-806d-492d-b5a0-c33405b7faf3">
      <Execution id="d4a94175-1006-44f7-870f-1919b15f811b"/>
      <TestMethod codeBase="Jest_&lt;Main/> / When disabled / Displays the input field" name="&lt;Main/> / When disabled / Displays the input field" className="&lt;Main/>"/>
    </UnitTest>
    <UnitTest name="renders The App without error" id="03496b6a-9494-49b2-a9f2-f9eaa73845f9">
      <Execution id="54c7c800-afbd-4c98-b633-2fc7885de633"/>
      <TestMethod codeBase="Jest_renders The App without error" name="renders The App without error" className="No suite"/>
    </UnitTest>
    <UnitTest name="&lt;FlowContainer/> / is disabled by default" id="7c656096-c59d-4055-b6c4-adc89b69c08c">
      <Execution id="5cdb8925-c25f-47a8-95d7-103b9868dc63"/>
      <TestMethod codeBase="Jest_&lt;FlowContainer/> / is disabled by default" name="&lt;FlowContainer/> / is disabled by default" className="&lt;FlowContainer/>"/>
    </UnitTest>
    <UnitTest name="&lt;FlowContainer/> / When First Enabled / Shows the Flow Component" id="8d8d19d2-c65a-4bc7-996b-295d394ded61">
      <Execution id="9f18ba67-a4c7-40b7-a43f-58d049edbdd7"/>
      <TestMethod codeBase="Jest_&lt;FlowContainer/> / When First Enabled / Shows the Flow Component" name="&lt;FlowContainer/> / When First Enabled / Shows the Flow Component" className="&lt;FlowContainer/>"/>
    </UnitTest>
    <UnitTest name="&lt;Update/> / It renders without error" id="08f785a7-d5a4-4d63-9db1-772845eff698">
      <Execution id="ee937226-b808-496a-a85d-3b243488eab4"/>
      <TestMethod codeBase="Jest_&lt;Update/> / It renders without error" name="&lt;Update/> / It renders without error" className="&lt;Update/>"/>
    </UnitTest>
    <UnitTest name="&lt;Update/> / when disabled / The disabled class is applied" id="4a06ade3-f2c6-466d-b679-ce99b6e52b19">
      <Execution id="aed70ac9-0e20-49ef-8a09-5ad8584fadc5"/>
      <TestMethod codeBase="Jest_&lt;Update/> / when disabled / The disabled class is applied" name="&lt;Update/> / when disabled / The disabled class is applied" className="&lt;Update/>"/>
    </UnitTest>
    <UnitTest name="&lt;Update/> / when ran / the ran class is appled" id="4843e580-1fd4-4c16-91e2-150e736de2c9">
      <Execution id="cd7b8a25-99f3-487d-9d78-1a0b8abac50c"/>
      <TestMethod codeBase="Jest_&lt;Update/> / when ran / the ran class is appled" name="&lt;Update/> / when ran / the ran class is appled" className="&lt;Update/>"/>
    </UnitTest>
    <UnitTest name="&lt;RefreshButton/> / renders without error" id="e887500c-37f7-4e83-8171-f2fa607f1084">
      <Execution id="97848cff-91be-458f-a39d-eebf3a4038a2"/>
      <TestMethod codeBase="Jest_&lt;RefreshButton/> / renders without error" name="&lt;RefreshButton/> / renders without error" className="&lt;RefreshButton/>"/>
    </UnitTest>
    <UnitTest name="&lt;RefreshButton/> / on click / it calls refresh method in the context" id="d46b9cc3-0d25-4463-87ce-2c01d0281a42">
      <Execution id="485821b1-8f00-4ea1-aa38-23b6c6cda8a6"/>
      <TestMethod codeBase="Jest_&lt;RefreshButton/> / on click / it calls refresh method in the context" name="&lt;RefreshButton/> / on click / it calls refresh method in the context" className="&lt;RefreshButton/>"/>
    </UnitTest>
    <UnitTest name="&lt;ListItem/> / renders without error" id="d02f7704-ae8a-42cb-a0aa-84760eddb541">
      <Execution id="15de4c87-d344-48cd-abad-5fe2eee4d95c"/>
      <TestMethod codeBase="Jest_&lt;ListItem/> / renders without error" name="&lt;ListItem/> / renders without error" className="&lt;ListItem/>"/>
    </UnitTest>
    <UnitTest name="&lt;ListItem/> / When clicked / calls showNext" id="e20623e8-bf49-492d-bd2e-8849388b6a53">
      <Execution id="891cd2d1-3137-473b-b853-136e2f8e0b6a"/>
      <TestMethod codeBase="Jest_&lt;ListItem/> / When clicked / calls showNext" name="&lt;ListItem/> / When clicked / calls showNext" className="&lt;ListItem/>"/>
    </UnitTest>
    <UnitTest name="&lt;Button /> / renders without error" id="6e22b9f5-ca90-4784-8419-49b49753a7aa">
      <Execution id="21e7c563-e5a6-4955-b5f5-f6818e09d816"/>
      <TestMethod codeBase="Jest_&lt;Button /> / renders without error" name="&lt;Button /> / renders without error" className="&lt;Button />"/>
    </UnitTest>
    <UnitTest name="&lt;Button /> / can be set to be active" id="238e047d-3332-4fcd-8bea-baa699120091">
      <Execution id="adce955c-540d-4e9b-b65a-f2d9a2ece21f"/>
      <TestMethod codeBase="Jest_&lt;Button /> / can be set to be active" name="&lt;Button /> / can be set to be active" className="&lt;Button />"/>
    </UnitTest>
    <UnitTest name="&lt;Button /> / can accept other classes" id="a547a924-18da-4aff-8098-8eccfbd040bf">
      <Execution id="575edc82-132a-43c2-bfa5-cc371eb8f01e"/>
      <TestMethod codeBase="Jest_&lt;Button /> / can accept other classes" name="&lt;Button /> / can accept other classes" className="&lt;Button />"/>
    </UnitTest>
    <UnitTest name="&lt;Header/> / renders without error" id="c444ed3c-d487-43c1-ac1c-085438078293">
      <Execution id="02b6ba40-8012-4414-9c50-82a9871b0b38"/>
      <TestMethod codeBase="Jest_&lt;Header/> / renders without error" name="&lt;Header/> / renders without error" className="&lt;Header/>"/>
    </UnitTest>
    <UnitTest name="&lt;Header/> / Displays a user name" id="76ff849f-da2a-4b3f-a0e3-f576b8d0adc2">
      <Execution id="6f9ad08b-57e8-405e-b523-800e8a173312"/>
      <TestMethod codeBase="Jest_&lt;Header/> / Displays a user name" name="&lt;Header/> / Displays a user name" className="&lt;Header/>"/>
    </UnitTest>
    <UnitTest name="&lt;RunArrow/> / It renders without error" id="7c314486-f704-445f-999b-3cbda64915ef">
      <Execution id="3d91b470-b676-4896-85d9-39fa37a33453"/>
      <TestMethod codeBase="Jest_&lt;RunArrow/> / It renders without error" name="&lt;RunArrow/> / It renders without error" className="&lt;RunArrow/>"/>
    </UnitTest>
    <UnitTest name="&lt;RunArrow/> / when disabled / The disabled class is applied" id="1fbfa110-79b2-4989-a5a4-c3480f5c8bbd">
      <Execution id="c4478a8c-2163-47c2-888c-0bff251645e2"/>
      <TestMethod codeBase="Jest_&lt;RunArrow/> / when disabled / The disabled class is applied" name="&lt;RunArrow/> / when disabled / The disabled class is applied" className="&lt;RunArrow/>"/>
    </UnitTest>
    <UnitTest name="&lt;RunArrow/> / when ran / the ran class is applied" id="c43b2506-9778-4d68-976f-2e1ed5b73d35">
      <Execution id="c30ebfb5-d840-449d-9027-430f1ad2cc86"/>
      <TestMethod codeBase="Jest_&lt;RunArrow/> / when ran / the ran class is applied" name="&lt;RunArrow/> / when ran / the ran class is applied" className="&lt;RunArrow/>"/>
    </UnitTest>
    <UnitTest name="&lt;Input/> / it renders without error" id="36c79d68-0def-4e93-9eea-619d3f7e1d8d">
      <Execution id="a818895c-8479-4dff-9d2c-05908fffa5a3"/>
      <TestMethod codeBase="Jest_&lt;Input/> / it renders without error" name="&lt;Input/> / it renders without error" className="&lt;Input/>"/>
    </UnitTest>
    <UnitTest name="&lt;Input/> / when disabled / has the disabled class" id="ea73b70c-9428-4e3b-8179-f79e6b3a8a20">
      <Execution id="044073fc-38db-45b4-a166-a63b63efc475"/>
      <TestMethod codeBase="Jest_&lt;Input/> / when disabled / has the disabled class" name="&lt;Input/> / when disabled / has the disabled class" className="&lt;Input/>"/>
    </UnitTest>
    <UnitTest name="&lt;Input/> / when disabled / Cannot call uploadData" id="cad0f18a-b8f5-4d0b-ac2d-65462e432021">
      <Execution id="b7c5aa77-b46c-4986-9b7e-2fc2f203710c"/>
      <TestMethod codeBase="Jest_&lt;Input/> / when disabled / Cannot call uploadData" name="&lt;Input/> / when disabled / Cannot call uploadData" className="&lt;Input/>"/>
    </UnitTest>
    <UnitTest name="&lt;Input/> / when enabled / does not have the disabled class" id="932923ce-97a2-417e-87a4-44c2612aa6f8">
      <Execution id="32db50c4-7189-4233-b8a8-333c4b95605d"/>
      <TestMethod codeBase="Jest_&lt;Input/> / when enabled / does not have the disabled class" name="&lt;Input/> / when enabled / does not have the disabled class" className="&lt;Input/>"/>
    </UnitTest>
    <UnitTest name="&lt;Input/> / when enabled / when clicked / It calls the uploadData function" id="be053d8d-195d-4dbc-b0dd-17ac15d1da12">
      <Execution id="68943fc9-f36f-4afb-ba2d-2a6d521fd120"/>
      <TestMethod codeBase="Jest_&lt;Input/> / when enabled / when clicked / It calls the uploadData function" name="&lt;Input/> / when enabled / when clicked / It calls the uploadData function" className="&lt;Input/>"/>
    </UnitTest>
    <UnitTest name="&lt;ResultsButton/> / renders without error" id="4977e7e1-890d-4be7-93f3-3ea20a49896b">
      <Execution id="b6c925c8-942d-44b4-9c70-86e453ebdff6"/>
      <TestMethod codeBase="Jest_&lt;ResultsButton/> / renders without error" name="&lt;ResultsButton/> / renders without error" className="&lt;ResultsButton/>"/>
    </UnitTest>
    <UnitTest name="&lt;ResultsButton/> / when disabled / should have class disabled" id="a27e92a0-2567-4ce0-a523-cb8ab850b29c">
      <Execution id="70161513-7443-414c-8d8b-1153f041d646"/>
      <TestMethod codeBase="Jest_&lt;ResultsButton/> / when disabled / should have class disabled" name="&lt;ResultsButton/> / when disabled / should have class disabled" className="&lt;ResultsButton/>"/>
    </UnitTest>
    <UnitTest name="&lt;ResultsButton/> / when not disabled / should not have class disabled" id="be648623-a332-4c05-86e3-f84de8555b8d">
      <Execution id="c0f70c1a-3c30-4454-b4e8-39c3d7faeea2"/>
      <TestMethod codeBase="Jest_&lt;ResultsButton/> / when not disabled / should not have class disabled" name="&lt;ResultsButton/> / when not disabled / should not have class disabled" className="&lt;ResultsButton/>"/>
    </UnitTest>
    <UnitTest name="&lt;Help/> / renders without error" id="78a12ac7-66c6-4037-a83b-746b015386ac">
      <Execution id="64b4827c-5ccd-4e18-a3c6-9150337b1741"/>
      <TestMethod codeBase="Jest_&lt;Help/> / renders without error" name="&lt;Help/> / renders without error" className="&lt;Help/>"/>
    </UnitTest>
    <UnitTest name="&lt;Help/> / Shows help text returned from context" id="8e5b7f66-0028-4097-b144-ecbd7f0c53cf">
      <Execution id="cadaab0f-7b6d-45cd-968f-cc92eea0d792"/>
      <TestMethod codeBase="Jest_&lt;Help/> / Shows help text returned from context" name="&lt;Help/> / Shows help text returned from context" className="&lt;Help/>"/>
    </UnitTest>
    <UnitTest name="&lt;ScenarioModelling/> / it renders without error" id="f8cdbb08-07b1-43ed-af1a-5a5d557f8039">
      <Execution id="593e5b8e-c37c-41f6-a091-1015d2d7895a"/>
      <TestMethod codeBase="Jest_&lt;ScenarioModelling/> / it renders without error" name="&lt;ScenarioModelling/> / it renders without error" className="&lt;ScenarioModelling/>"/>
    </UnitTest>
    <UnitTest name="&lt;ScenarioModelling/> / It has a header" id="ead34a58-812a-426c-b52d-9348548f5ddd">
      <Execution id="505ac2d6-07bb-40d1-b49c-2f0b290c7a5c"/>
      <TestMethod codeBase="Jest_&lt;ScenarioModelling/> / It has a header" name="&lt;ScenarioModelling/> / It has a header" className="&lt;ScenarioModelling/>"/>
    </UnitTest>
    <UnitTest name="&lt;ScenarioModelling/> / It has a drop down select container" id="b7b6dfc9-4601-4a3e-811e-357fb779adc1">
      <Execution id="4646c7a4-2258-4535-b445-0eeb2cbe7a2f"/>
      <TestMethod codeBase="Jest_&lt;ScenarioModelling/> / It has a drop down select container" name="&lt;ScenarioModelling/> / It has a drop down select container" className="&lt;ScenarioModelling/>"/>
    </UnitTest>
    <UnitTest name="&lt;RunButton / it renders without error" id="803b8a27-d315-4f5d-9ccf-529b1b57a5b3">
      <Execution id="6c53e970-4b92-438c-9460-0f179e4ada65"/>
      <TestMethod codeBase="Jest_&lt;RunButton / it renders without error" name="&lt;RunButton / it renders without error" className="&lt;RunButton"/>
    </UnitTest>
    <UnitTest name="&lt;RunButton / when disabled / Has the disabled class" id="876d316e-d00a-426f-8334-7de1ad3792ae">
      <Execution id="f54e2592-2a40-419f-9c94-e4bd34387e11"/>
      <TestMethod codeBase="Jest_&lt;RunButton / when disabled / Has the disabled class" name="&lt;RunButton / when disabled / Has the disabled class" className="&lt;RunButton"/>
    </UnitTest>
    <UnitTest name="&lt;RunButton / when disabled / Cannot call run data" id="0092b616-9778-4543-b19e-6db0c093131c">
      <Execution id="65a69731-f58d-413c-8f4f-9b5d57576496"/>
      <TestMethod codeBase="Jest_&lt;RunButton / when disabled / Cannot call run data" name="&lt;RunButton / when disabled / Cannot call run data" className="&lt;RunButton"/>
    </UnitTest>
    <UnitTest name="&lt;RunButton / when enabled / Does not have the disabled class" id="5320fa99-b974-4eaa-83ae-1599a8b244a2">
      <Execution id="40583b50-4bc3-46f0-ba7b-ec46a4fdced9"/>
      <TestMethod codeBase="Jest_&lt;RunButton / when enabled / Does not have the disabled class" name="&lt;RunButton / when enabled / Does not have the disabled class" className="&lt;RunButton"/>
    </UnitTest>
    <UnitTest name="&lt;RunButton / when enabled / Can call run data" id="b82fd48d-0bc2-4da6-a4bf-a41115ccb384">
      <Execution id="8ad7eaf5-8287-416a-ad39-8579f5345cc9"/>
      <TestMethod codeBase="Jest_&lt;RunButton / when enabled / Can call run data" name="&lt;RunButton / when enabled / Can call run data" className="&lt;RunButton"/>
    </UnitTest>
    <UnitTest name="&lt;Form/> / renders without error" id="ec43fb7e-e5cc-4d3e-aeba-988bb24536f0">
      <Execution id="1d8476db-96a8-4896-bb77-7f543c77c71d"/>
      <TestMethod codeBase="Jest_&lt;Form/> / renders without error" name="&lt;Form/> / renders without error" className="&lt;Form/>"/>
    </UnitTest>
    <UnitTest name="&lt;Form/> / renders a form field for every field item" id="0522523a-7e36-4d3d-9d58-8901cb4efdf0">
      <Execution id="aea104f8-8228-4933-94bb-be9a4104fea5"/>
      <TestMethod codeBase="Jest_&lt;Form/> / renders a form field for every field item" name="&lt;Form/> / renders a form field for every field item" className="&lt;Form/>"/>
    </UnitTest>
    <UnitTest name="dataContextFactory / Returns a Context Object and a provider / That does not throw an error when wrapping another element" id="bef48eb5-b3d0-4220-b16a-5e00eb1e8b0a">
      <Execution id="83a42e67-6890-411f-ad7a-b9080508df02"/>
      <TestMethod codeBase="Jest_dataContextFactory / Returns a Context Object and a provider / That does not throw an error when wrapping another element" name="dataContextFactory / Returns a Context Object and a provider / That does not throw an error when wrapping another element" className="dataContextFactory"/>
    </UnitTest>
    <UnitTest name="&lt;Arrow /> / it renders without error" id="0d3524aa-08c1-4ba8-a4e7-d1e760a37af6">
      <Execution id="521c6655-ee27-45c2-b1ea-3a9dc8879ab6"/>
      <TestMethod codeBase="Jest_&lt;Arrow /> / it renders without error" name="&lt;Arrow /> / it renders without error" className="&lt;Arrow />"/>
    </UnitTest>
    <UnitTest name="&lt;Arrow /> / renders without Error when passed a valid set of paths" id="e399544f-b483-4f93-89bb-1661ca331d8d">
      <Execution id="fd2b5627-9d99-405c-a903-fdbb583a01ff"/>
      <TestMethod codeBase="Jest_&lt;Arrow /> / renders without Error when passed a valid set of paths" name="&lt;Arrow /> / renders without Error when passed a valid set of paths" className="&lt;Arrow />"/>
    </UnitTest>
    <UnitTest name="&lt;Arrow /> / takes a child path element and renders it" id="e53725ab-b45f-48dc-b9ce-1f543b637684">
      <Execution id="f8ba46d3-a927-4d5e-aa88-86ab149226e3"/>
      <TestMethod codeBase="Jest_&lt;Arrow /> / takes a child path element and renders it" name="&lt;Arrow /> / takes a child path element and renders it" className="&lt;Arrow />"/>
    </UnitTest>
    <UnitTest name="&lt;FormField/> / it renders without error" id="74ef9d67-1126-484b-a856-2b8b1c69dcd5">
      <Execution id="921127fc-3a3f-44d8-97d5-094f4b3ef49d"/>
      <TestMethod codeBase="Jest_&lt;FormField/> / it renders without error" name="&lt;FormField/> / it renders without error" className="&lt;FormField/>"/>
    </UnitTest>
    <UnitTest name="&lt;Nav/> / renders without error" id="70564daa-9563-4650-8630-72ebe0c3b473">
      <Execution id="a4a75493-f924-427b-9eff-217d35f944d6"/>
      <TestMethod codeBase="Jest_&lt;Nav/> / renders without error" name="&lt;Nav/> / renders without error" className="&lt;Nav/>"/>
    </UnitTest>
    <UnitTest name="&lt;List/> / It renders without error" id="f01d7885-57fc-4de1-ac0c-5b5633d47c22">
      <Execution id="240dd94e-62b5-4f42-9561-0040f6d5d300"/>
      <TestMethod codeBase="Jest_&lt;List/> / It renders without error" name="&lt;List/> / It renders without error" className="&lt;List/>"/>
    </UnitTest>
    <UnitTest name="&lt;List/> / Drop Down List / Displays a default selection" id="b25ff730-c974-4e60-9214-152f8a2fec86">
      <Execution id="cf3b7ec3-094f-45ae-b19c-31d2b3338412"/>
      <TestMethod codeBase="Jest_&lt;List/> / Drop Down List / Displays a default selection" name="&lt;List/> / Drop Down List / Displays a default selection" className="&lt;List/>"/>
    </UnitTest>
    <UnitTest name="&lt;List/> / Drop Down List / On Click / Displays a collection of items" id="30d76b63-fe54-4b61-a2b1-5f8733a5251f">
      <Execution id="c4c6a54a-b393-44c3-94f7-1c4131373d38"/>
      <TestMethod codeBase="Jest_&lt;List/> / Drop Down List / On Click / Displays a collection of items" name="&lt;List/> / Drop Down List / On Click / Displays a collection of items" className="&lt;List/>"/>
    </UnitTest>
    <UnitTest name="Scenario Context / ScenarioReducer / Returns a default state" id="adcabd3f-e12d-4be1-b171-948a0dd78d79">
      <Execution id="147647d1-2f0a-446c-9c01-f7f2b8dfbf24"/>
      <TestMethod codeBase="Jest_Scenario Context / ScenarioReducer / Returns a default state" name="Scenario Context / ScenarioReducer / Returns a default state" className="Scenario Context"/>
    </UnitTest>
    <UnitTest name="Scenario Context / ScenarioReducer / When Type is SHOW_SCENARIOS / Adds scenarioOptions to the state" id="3dcb678e-b81f-4675-97e6-dd47d607377d">
      <Execution id="41e35773-dce4-426c-a037-89ddc262de53"/>
      <TestMethod codeBase="Jest_Scenario Context / ScenarioReducer / When Type is SHOW_SCENARIOS / Adds scenarioOptions to the state" name="Scenario Context / ScenarioReducer / When Type is SHOW_SCENARIOS / Adds scenarioOptions to the state" className="Scenario Context"/>
    </UnitTest>
    <UnitTest name="Scenario Context / Action Creators / showScenarios / It dispatches the showScenarios action" id="bf55f164-fd5e-4023-a0a1-9ffef6bedf2f">
      <Execution id="07ed5444-23f8-484e-be7a-08af99aae7ed"/>
      <TestMethod codeBase="Jest_Scenario Context / Action Creators / showScenarios / It dispatches the showScenarios action" name="Scenario Context / Action Creators / showScenarios / It dispatches the showScenarios action" className="Scenario Context"/>
    </UnitTest>
    <UnitTest name="FlowContext / reducer / When type is START_FLOW / it returns some default state" id="ef6f947e-93a2-434b-bbe8-3568fcc0e2f8">
      <Execution id="5b14eeb9-2d0e-41be-ac40-564d9560f0a4"/>
      <TestMethod codeBase="Jest_FlowContext / reducer / When type is START_FLOW / it returns some default state" name="FlowContext / reducer / When type is START_FLOW / it returns some default state" className="FlowContext"/>
    </UnitTest>
    <UnitTest name="FlowContext / reducer / action creators / Upload Data / uploadData dispatches UPLOADINGDATA action" id="dfe9c68f-8744-40e3-aa37-639778d56345">
      <Execution id="6352dd4f-d99a-4ba6-9f03-2cc20bd987eb"/>
      <TestMethod codeBase="Jest_FlowContext / reducer / action creators / Upload Data / uploadData dispatches UPLOADINGDATA action" name="FlowContext / reducer / action creators / Upload Data / uploadData dispatches UPLOADINGDATA action" className="FlowContext"/>
    </UnitTest>
    <UnitTest name="FlowContext / reducer / action creators / Upload Data / uploadData also fires INPUT_DATA action" id="6e9d6b5f-9ceb-4467-b3ea-c8489e650ff4">
      <Execution id="38ec4568-584c-492a-a0e6-797e5c26b86e"/>
      <TestMethod codeBase="Jest_FlowContext / reducer / action creators / Upload Data / uploadData also fires INPUT_DATA action" name="FlowContext / reducer / action creators / Upload Data / uploadData also fires INPUT_DATA action" className="FlowContext"/>
    </UnitTest>
    <UnitTest name="FlowContext / reducer / action creators / run data / calls RUN_DATA reducer action" id="6afbe996-b5c7-47e4-9b4a-9b6ff024cc21">
      <Execution id="2cb036fb-e808-4d66-9c1e-cd290d89abfe"/>
      <TestMethod codeBase="Jest_FlowContext / reducer / action creators / run data / calls RUN_DATA reducer action" name="FlowContext / reducer / action creators / run data / calls RUN_DATA reducer action" className="FlowContext"/>
    </UnitTest>
    <UnitTest name="FlowContext / reducer / action creators / inputData / It dispatches the INPUT_DATA action" id="b4f5dffb-c69a-44a5-8fb1-8189fe24bb05">
      <Execution id="78e414f1-1f4e-41e1-b49c-3cd3b3628ea8"/>
      <TestMethod codeBase="Jest_FlowContext / reducer / action creators / inputData / It dispatches the INPUT_DATA action" name="FlowContext / reducer / action creators / inputData / It dispatches the INPUT_DATA action" className="FlowContext"/>
    </UnitTest>
    <UnitTest name="FlowContext / reducer / action creators / start / It dispatches the START action with a file payload" id="e018ddad-8f87-4bf3-8258-bed6e15244b2">
      <Execution id="34582a15-b0d3-4c8d-b204-21e4c7d876da"/>
      <TestMethod codeBase="Jest_FlowContext / reducer / action creators / start / It dispatches the START action with a file payload" name="FlowContext / reducer / action creators / start / It dispatches the START action with a file payload" className="FlowContext"/>
    </UnitTest>
    <UnitTest name="getColumnItem / returns the correct columnItem for items on first tier" id="4b58b7ef-3c33-4cba-8109-1ba718782fe8">
      <Execution id="4dd63c8c-b5b4-4262-9fd4-95b99f5473ac"/>
      <TestMethod codeBase="Jest_getColumnItem / returns the correct columnItem for items on first tier" name="getColumnItem / returns the correct columnItem for items on first tier" className="getColumnItem"/>
    </UnitTest>
    <UnitTest name="getColumnItem / return the correct column item for items on the 5th tier" id="275a55a8-d9bf-4388-86cd-6f2ee02db4a3">
      <Execution id="a9b49158-4f62-44e7-b6b6-9688e484cf95"/>
      <TestMethod codeBase="Jest_getColumnItem / return the correct column item for items on the 5th tier" name="getColumnItem / return the correct column item for items on the 5th tier" className="getColumnItem"/>
    </UnitTest>
    <UnitTest name="buildColumnItem / When input options is the same length as the column number / it appends a new column item" id="a6bf8386-e754-4387-9ce5-d9f98d5b1620">
      <Execution id="c1ca1a06-53df-4970-a5bd-0cf4e994e05c"/>
      <TestMethod codeBase="Jest_buildColumnItem / When input options is the same length as the column number / it appends a new column item" name="buildColumnItem / When input options is the same length as the column number / it appends a new column item" className="buildColumnItem"/>
    </UnitTest>
    <UnitTest name="buildColumnItem / When input options is the same length as the column number / The new item has column index of 2" id="157ccaaf-8db1-484f-97fd-ebddbd1c4cc3">
      <Execution id="6e698a8e-be2a-4a3d-8404-8d2899d9db25"/>
      <TestMethod codeBase="Jest_buildColumnItem / When input options is the same length as the column number / The new item has column index of 2" name="buildColumnItem / When input options is the same length as the column number / The new item has column index of 2" className="buildColumnItem"/>
    </UnitTest>
    <UnitTest name="buildColumnItem / When input options length is greater than selected option / When an item is selected from the first column / it returns a list with 2 elements" id="f42f5385-e6bc-46a1-a5f9-c0660223a1a4">
      <Execution id="ef4738ee-2ce8-401e-a6a1-521b6f380bd8"/>
      <TestMethod codeBase="Jest_buildColumnItem / When input options length is greater than selected option / When an item is selected from the first column / it returns a list with 2 elements" name="buildColumnItem / When input options length is greater than selected option / When an item is selected from the first column / it returns a list with 2 elements" className="buildColumnItem"/>
    </UnitTest>
    <UnitTest name="buildColumnItem / When input options length is greater than selected option / When an item is selected from the first column / The 2nd element has a idx of 2" id="49e3efa3-6227-4cd8-8645-60a1ea211c43">
      <Execution id="8b2b897e-d679-4a61-a269-1939aaa73dfb"/>
      <TestMethod codeBase="Jest_buildColumnItem / When input options length is greater than selected option / When an item is selected from the first column / The 2nd element has a idx of 2" name="buildColumnItem / When input options length is greater than selected option / When an item is selected from the first column / The 2nd element has a idx of 2" className="buildColumnItem"/>
    </UnitTest>
  </TestDefinitions>
  <TestLists>
    <TestList name="Results Not in a List" id="8c84fa94-04c1-424b-9868-57a2d4851a1d"/>
    <TestList name="All Loaded Results" id="19431567-8539-422a-85d7-44ee4e166bda"/>
  </TestLists>
  <TestEntries>
    <TestEntry testId="9643170d-88e9-43c4-9023-dbffdd533dd6" executionId="db47275e-277c-44c4-9dc6-c649a4c033df" testListId="8c84fa94-04c1-424b-9868-57a2d4851a1d"/>
    <TestEntry testId="66be8d00-a1ab-4255-a269-7d9948298cc2" executionId="5ecb0089-e779-4934-b813-a2d946e39d57" testListId="8c84fa94-04c1-424b-9868-57a2d4851a1d"/>
    <TestEntry testId="4f9120ac-7dbd-4656-9d7c-a15d831e49cf" executionId="5cc38182-aa54-457e-b885-ae4ed392e20b" testListId="8c84fa94-04c1-424b-9868-57a2d4851a1d"/>
    <TestEntry testId="1bdd864b-3428-4d1c-977c-676106eba01e" executionId="525c670a-95b4-448f-bd58-052cb957a526" testListId="8c84fa94-04c1-424b-9868-57a2d4851a1d"/>
    <TestEntry testId="b04edab8-1472-4e34-b05d-35798fe63b33" executionId="e0b6d382-05e3-42f3-8e91-6bc3f2c2fac4" testListId="8c84fa94-04c1-424b-9868-57a2d4851a1d"/>
    <TestEntry testId="c420a577-7265-479a-a544-5246bcbfdce1" executionId="75f789b4-39ae-4daf-86f4-1085ea26509b" testListId="8c84fa94-04c1-424b-9868-57a2d4851a1d"/>
    <TestEntry testId="bf25a859-806d-492d-b5a0-c33405b7faf3" executionId="d4a94175-1006-44f7-870f-1919b15f811b" testListId="8c84fa94-04c1-424b-9868-57a2d4851a1d"/>
    <TestEntry testId="03496b6a-9494-49b2-a9f2-f9eaa73845f9" executionId="54c7c800-afbd-4c98-b633-2fc7885de633" testListId="8c84fa94-04c1-424b-9868-57a2d4851a1d"/>
    <TestEntry testId="7c656096-c59d-4055-b6c4-adc89b69c08c" executionId="5cdb8925-c25f-47a8-95d7-103b9868dc63" testListId="8c84fa94-04c1-424b-9868-57a2d4851a1d"/>
    <TestEntry testId="8d8d19d2-c65a-4bc7-996b-295d394ded61" executionId="9f18ba67-a4c7-40b7-a43f-58d049edbdd7" testListId="8c84fa94-04c1-424b-9868-57a2d4851a1d"/>
    <TestEntry testId="08f785a7-d5a4-4d63-9db1-772845eff698" executionId="ee937226-b808-496a-a85d-3b243488eab4" testListId="8c84fa94-04c1-424b-9868-57a2d4851a1d"/>
    <TestEntry testId="4a06ade3-f2c6-466d-b679-ce99b6e52b19" executionId="aed70ac9-0e20-49ef-8a09-5ad8584fadc5" testListId="8c84fa94-04c1-424b-9868-57a2d4851a1d"/>
    <TestEntry testId="4843e580-1fd4-4c16-91e2-150e736de2c9" executionId="cd7b8a25-99f3-487d-9d78-1a0b8abac50c" testListId="8c84fa94-04c1-424b-9868-57a2d4851a1d"/>
    <TestEntry testId="e887500c-37f7-4e83-8171-f2fa607f1084" executionId="97848cff-91be-458f-a39d-eebf3a4038a2" testListId="8c84fa94-04c1-424b-9868-57a2d4851a1d"/>
    <TestEntry testId="d46b9cc3-0d25-4463-87ce-2c01d0281a42" executionId="485821b1-8f00-4ea1-aa38-23b6c6cda8a6" testListId="8c84fa94-04c1-424b-9868-57a2d4851a1d"/>
    <TestEntry testId="d02f7704-ae8a-42cb-a0aa-84760eddb541" executionId="15de4c87-d344-48cd-abad-5fe2eee4d95c" testListId="8c84fa94-04c1-424b-9868-57a2d4851a1d"/>
    <TestEntry testId="e20623e8-bf49-492d-bd2e-8849388b6a53" executionId="891cd2d1-3137-473b-b853-136e2f8e0b6a" testListId="8c84fa94-04c1-424b-9868-57a2d4851a1d"/>
    <TestEntry testId="6e22b9f5-ca90-4784-8419-49b49753a7aa" executionId="21e7c563-e5a6-4955-b5f5-f6818e09d816" testListId="8c84fa94-04c1-424b-9868-57a2d4851a1d"/>
    <TestEntry testId="238e047d-3332-4fcd-8bea-baa699120091" executionId="adce955c-540d-4e9b-b65a-f2d9a2ece21f" testListId="8c84fa94-04c1-424b-9868-57a2d4851a1d"/>
    <TestEntry testId="a547a924-18da-4aff-8098-8eccfbd040bf" executionId="575edc82-132a-43c2-bfa5-cc371eb8f01e" testListId="8c84fa94-04c1-424b-9868-57a2d4851a1d"/>
    <TestEntry testId="c444ed3c-d487-43c1-ac1c-085438078293" executionId="02b6ba40-8012-4414-9c50-82a9871b0b38" testListId="8c84fa94-04c1-424b-9868-57a2d4851a1d"/>
    <TestEntry testId="76ff849f-da2a-4b3f-a0e3-f576b8d0adc2" executionId="6f9ad08b-57e8-405e-b523-800e8a173312" testListId="8c84fa94-04c1-424b-9868-57a2d4851a1d"/>
    <TestEntry testId="7c314486-f704-445f-999b-3cbda64915ef" executionId="3d91b470-b676-4896-85d9-39fa37a33453" testListId="8c84fa94-04c1-424b-9868-57a2d4851a1d"/>
    <TestEntry testId="1fbfa110-79b2-4989-a5a4-c3480f5c8bbd" executionId="c4478a8c-2163-47c2-888c-0bff251645e2" testListId="8c84fa94-04c1-424b-9868-57a2d4851a1d"/>
    <TestEntry testId="c43b2506-9778-4d68-976f-2e1ed5b73d35" executionId="c30ebfb5-d840-449d-9027-430f1ad2cc86" testListId="8c84fa94-04c1-424b-9868-57a2d4851a1d"/>
    <TestEntry testId="36c79d68-0def-4e93-9eea-619d3f7e1d8d" executionId="a818895c-8479-4dff-9d2c-05908fffa5a3" testListId="8c84fa94-04c1-424b-9868-57a2d4851a1d"/>
    <TestEntry testId="ea73b70c-9428-4e3b-8179-f79e6b3a8a20" executionId="044073fc-38db-45b4-a166-a63b63efc475" testListId="8c84fa94-04c1-424b-9868-57a2d4851a1d"/>
    <TestEntry testId="cad0f18a-b8f5-4d0b-ac2d-65462e432021" executionId="b7c5aa77-b46c-4986-9b7e-2fc2f203710c" testListId="8c84fa94-04c1-424b-9868-57a2d4851a1d"/>
    <TestEntry testId="932923ce-97a2-417e-87a4-44c2612aa6f8" executionId="32db50c4-7189-4233-b8a8-333c4b95605d" testListId="8c84fa94-04c1-424b-9868-57a2d4851a1d"/>
    <TestEntry testId="be053d8d-195d-4dbc-b0dd-17ac15d1da12" executionId="68943fc9-f36f-4afb-ba2d-2a6d521fd120" testListId="8c84fa94-04c1-424b-9868-57a2d4851a1d"/>
    <TestEntry testId="4977e7e1-890d-4be7-93f3-3ea20a49896b" executionId="b6c925c8-942d-44b4-9c70-86e453ebdff6" testListId="8c84fa94-04c1-424b-9868-57a2d4851a1d"/>
    <TestEntry testId="a27e92a0-2567-4ce0-a523-cb8ab850b29c" executionId="70161513-7443-414c-8d8b-1153f041d646" testListId="8c84fa94-04c1-424b-9868-57a2d4851a1d"/>
    <TestEntry testId="be648623-a332-4c05-86e3-f84de8555b8d" executionId="c0f70c1a-3c30-4454-b4e8-39c3d7faeea2" testListId="8c84fa94-04c1-424b-9868-57a2d4851a1d"/>
    <TestEntry testId="78a12ac7-66c6-4037-a83b-746b015386ac" executionId="64b4827c-5ccd-4e18-a3c6-9150337b1741" testListId="8c84fa94-04c1-424b-9868-57a2d4851a1d"/>
    <TestEntry testId="8e5b7f66-0028-4097-b144-ecbd7f0c53cf" executionId="cadaab0f-7b6d-45cd-968f-cc92eea0d792" testListId="8c84fa94-04c1-424b-9868-57a2d4851a1d"/>
    <TestEntry testId="f8cdbb08-07b1-43ed-af1a-5a5d557f8039" executionId="593e5b8e-c37c-41f6-a091-1015d2d7895a" testListId="8c84fa94-04c1-424b-9868-57a2d4851a1d"/>
    <TestEntry testId="ead34a58-812a-426c-b52d-9348548f5ddd" executionId="505ac2d6-07bb-40d1-b49c-2f0b290c7a5c" testListId="8c84fa94-04c1-424b-9868-57a2d4851a1d"/>
    <TestEntry testId="b7b6dfc9-4601-4a3e-811e-357fb779adc1" executionId="4646c7a4-2258-4535-b445-0eeb2cbe7a2f" testListId="8c84fa94-04c1-424b-9868-57a2d4851a1d"/>
    <TestEntry testId="803b8a27-d315-4f5d-9ccf-529b1b57a5b3" executionId="6c53e970-4b92-438c-9460-0f179e4ada65" testListId="8c84fa94-04c1-424b-9868-57a2d4851a1d"/>
    <TestEntry testId="876d316e-d00a-426f-8334-7de1ad3792ae" executionId="f54e2592-2a40-419f-9c94-e4bd34387e11" testListId="8c84fa94-04c1-424b-9868-57a2d4851a1d"/>
    <TestEntry testId="0092b616-9778-4543-b19e-6db0c093131c" executionId="65a69731-f58d-413c-8f4f-9b5d57576496" testListId="8c84fa94-04c1-424b-9868-57a2d4851a1d"/>
    <TestEntry testId="5320fa99-b974-4eaa-83ae-1599a8b244a2" executionId="40583b50-4bc3-46f0-ba7b-ec46a4fdced9" testListId="8c84fa94-04c1-424b-9868-57a2d4851a1d"/>
    <TestEntry testId="b82fd48d-0bc2-4da6-a4bf-a41115ccb384" executionId="8ad7eaf5-8287-416a-ad39-8579f5345cc9" testListId="8c84fa94-04c1-424b-9868-57a2d4851a1d"/>
    <TestEntry testId="ec43fb7e-e5cc-4d3e-aeba-988bb24536f0" executionId="1d8476db-96a8-4896-bb77-7f543c77c71d" testListId="8c84fa94-04c1-424b-9868-57a2d4851a1d"/>
    <TestEntry testId="0522523a-7e36-4d3d-9d58-8901cb4efdf0" executionId="aea104f8-8228-4933-94bb-be9a4104fea5" testListId="8c84fa94-04c1-424b-9868-57a2d4851a1d"/>
    <TestEntry testId="bef48eb5-b3d0-4220-b16a-5e00eb1e8b0a" executionId="83a42e67-6890-411f-ad7a-b9080508df02" testListId="8c84fa94-04c1-424b-9868-57a2d4851a1d"/>
    <TestEntry testId="0d3524aa-08c1-4ba8-a4e7-d1e760a37af6" executionId="521c6655-ee27-45c2-b1ea-3a9dc8879ab6" testListId="8c84fa94-04c1-424b-9868-57a2d4851a1d"/>
    <TestEntry testId="e399544f-b483-4f93-89bb-1661ca331d8d" executionId="fd2b5627-9d99-405c-a903-fdbb583a01ff" testListId="8c84fa94-04c1-424b-9868-57a2d4851a1d"/>
    <TestEntry testId="e53725ab-b45f-48dc-b9ce-1f543b637684" executionId="f8ba46d3-a927-4d5e-aa88-86ab149226e3" testListId="8c84fa94-04c1-424b-9868-57a2d4851a1d"/>
    <TestEntry testId="74ef9d67-1126-484b-a856-2b8b1c69dcd5" executionId="921127fc-3a3f-44d8-97d5-094f4b3ef49d" testListId="8c84fa94-04c1-424b-9868-57a2d4851a1d"/>
    <TestEntry testId="70564daa-9563-4650-8630-72ebe0c3b473" executionId="a4a75493-f924-427b-9eff-217d35f944d6" testListId="8c84fa94-04c1-424b-9868-57a2d4851a1d"/>
    <TestEntry testId="f01d7885-57fc-4de1-ac0c-5b5633d47c22" executionId="240dd94e-62b5-4f42-9561-0040f6d5d300" testListId="8c84fa94-04c1-424b-9868-57a2d4851a1d"/>
    <TestEntry testId="b25ff730-c974-4e60-9214-152f8a2fec86" executionId="cf3b7ec3-094f-45ae-b19c-31d2b3338412" testListId="8c84fa94-04c1-424b-9868-57a2d4851a1d"/>
    <TestEntry testId="30d76b63-fe54-4b61-a2b1-5f8733a5251f" executionId="c4c6a54a-b393-44c3-94f7-1c4131373d38" testListId="8c84fa94-04c1-424b-9868-57a2d4851a1d"/>
    <TestEntry testId="adcabd3f-e12d-4be1-b171-948a0dd78d79" executionId="147647d1-2f0a-446c-9c01-f7f2b8dfbf24" testListId="8c84fa94-04c1-424b-9868-57a2d4851a1d"/>
    <TestEntry testId="3dcb678e-b81f-4675-97e6-dd47d607377d" executionId="41e35773-dce4-426c-a037-89ddc262de53" testListId="8c84fa94-04c1-424b-9868-57a2d4851a1d"/>
    <TestEntry testId="bf55f164-fd5e-4023-a0a1-9ffef6bedf2f" executionId="07ed5444-23f8-484e-be7a-08af99aae7ed" testListId="8c84fa94-04c1-424b-9868-57a2d4851a1d"/>
    <TestEntry testId="ef6f947e-93a2-434b-bbe8-3568fcc0e2f8" executionId="5b14eeb9-2d0e-41be-ac40-564d9560f0a4" testListId="8c84fa94-04c1-424b-9868-57a2d4851a1d"/>
    <TestEntry testId="dfe9c68f-8744-40e3-aa37-639778d56345" executionId="6352dd4f-d99a-4ba6-9f03-2cc20bd987eb" testListId="8c84fa94-04c1-424b-9868-57a2d4851a1d"/>
    <TestEntry testId="6e9d6b5f-9ceb-4467-b3ea-c8489e650ff4" executionId="38ec4568-584c-492a-a0e6-797e5c26b86e" testListId="8c84fa94-04c1-424b-9868-57a2d4851a1d"/>
    <TestEntry testId="6afbe996-b5c7-47e4-9b4a-9b6ff024cc21" executionId="2cb036fb-e808-4d66-9c1e-cd290d89abfe" testListId="8c84fa94-04c1-424b-9868-57a2d4851a1d"/>
    <TestEntry testId="b4f5dffb-c69a-44a5-8fb1-8189fe24bb05" executionId="78e414f1-1f4e-41e1-b49c-3cd3b3628ea8" testListId="8c84fa94-04c1-424b-9868-57a2d4851a1d"/>
    <TestEntry testId="e018ddad-8f87-4bf3-8258-bed6e15244b2" executionId="34582a15-b0d3-4c8d-b204-21e4c7d876da" testListId="8c84fa94-04c1-424b-9868-57a2d4851a1d"/>
    <TestEntry testId="4b58b7ef-3c33-4cba-8109-1ba718782fe8" executionId="4dd63c8c-b5b4-4262-9fd4-95b99f5473ac" testListId="8c84fa94-04c1-424b-9868-57a2d4851a1d"/>
    <TestEntry testId="275a55a8-d9bf-4388-86cd-6f2ee02db4a3" executionId="a9b49158-4f62-44e7-b6b6-9688e484cf95" testListId="8c84fa94-04c1-424b-9868-57a2d4851a1d"/>
    <TestEntry testId="a6bf8386-e754-4387-9ce5-d9f98d5b1620" executionId="c1ca1a06-53df-4970-a5bd-0cf4e994e05c" testListId="8c84fa94-04c1-424b-9868-57a2d4851a1d"/>
    <TestEntry testId="157ccaaf-8db1-484f-97fd-ebddbd1c4cc3" executionId="6e698a8e-be2a-4a3d-8404-8d2899d9db25" testListId="8c84fa94-04c1-424b-9868-57a2d4851a1d"/>
    <TestEntry testId="f42f5385-e6bc-46a1-a5f9-c0660223a1a4" executionId="ef4738ee-2ce8-401e-a6a1-521b6f380bd8" testListId="8c84fa94-04c1-424b-9868-57a2d4851a1d"/>
    <TestEntry testId="49e3efa3-6227-4cd8-8645-60a1ea211c43" executionId="8b2b897e-d679-4a61-a269-1939aaa73dfb" testListId="8c84fa94-04c1-424b-9868-57a2d4851a1d"/>
  </TestEntries>
  <Results>
    <UnitTestResult testId="9643170d-88e9-43c4-9023-dbffdd533dd6" executionId="db47275e-277c-44c4-9dc6-c649a4c033df" testName="&lt;FileUpload/> / renders without error" computerName="Helens-iMac.local" duration="00:00:00.356" startTime="2020-05-01T10:41:28.532Z" endTime="2020-05-01T10:41:28.888Z" testType="13cdc9d9-ddb5-4fa4-a97d-d965ccfc6d4b" outcome="Passed" testListId="8c84fa94-04c1-424b-9868-57a2d4851a1d"/>
    <UnitTestResult testId="66be8d00-a1ab-4255-a269-7d9948298cc2" executionId="5ecb0089-e779-4934-b813-a2d946e39d57" testName="&lt;FileUpload/> / Has a label with default text" computerName="Helens-iMac.local" duration="00:00:00.356" startTime="2020-05-01T10:41:28.888Z" endTime="2020-05-01T10:41:29.244Z" testType="13cdc9d9-ddb5-4fa4-a97d-d965ccfc6d4b" outcome="Passed" testListId="8c84fa94-04c1-424b-9868-57a2d4851a1d"/>
    <UnitTestResult testId="4f9120ac-7dbd-4656-9d7c-a15d831e49cf" executionId="5cc38182-aa54-457e-b885-ae4ed392e20b" testName="&lt;FileUpload/> / When Clicked / opens a file dialog" computerName="Helens-iMac.local" duration="00:00:00.356" startTime="2020-05-01T10:41:29.244Z" endTime="2020-05-01T10:41:29.600Z" testType="13cdc9d9-ddb5-4fa4-a97d-d965ccfc6d4b" outcome="Passed" testListId="8c84fa94-04c1-424b-9868-57a2d4851a1d"/>
    <UnitTestResult testId="1bdd864b-3428-4d1c-977c-676106eba01e" executionId="525c670a-95b4-448f-bd58-052cb957a526" testName="&lt;FileUpload/> / When Clicked / When file selected / It calls set file " computerName="Helens-iMac.local" duration="00:00:00.356" startTime="2020-05-01T10:41:29.600Z" endTime="2020-05-01T10:41:29.956Z" testType="13cdc9d9-ddb5-4fa4-a97d-d965ccfc6d4b" outcome="Passed" testListId="8c84fa94-04c1-424b-9868-57a2d4851a1d"/>
    <UnitTestResult testId="b04edab8-1472-4e34-b05d-35798fe63b33" executionId="e0b6d382-05e3-42f3-8e91-6bc3f2c2fac4" testName="&lt;FileUpload/> / When Clicked / When file selected / It starts the workflow" computerName="Helens-iMac.local" duration="00:00:00.356" startTime="2020-05-01T10:41:29.956Z" endTime="2020-05-01T10:41:30.312Z" testType="13cdc9d9-ddb5-4fa4-a97d-d965ccfc6d4b" outcome="Passed" testListId="8c84fa94-04c1-424b-9868-57a2d4851a1d"/>
    <UnitTestResult testId="c420a577-7265-479a-a544-5246bcbfdce1" executionId="75f789b4-39ae-4daf-86f4-1085ea26509b" testName="&lt;Main/> / it renders without error" computerName="Helens-iMac.local" duration="00:00:00.938" startTime="2020-05-01T10:41:28.531Z" endTime="2020-05-01T10:41:29.469Z" testType="13cdc9d9-ddb5-4fa4-a97d-d965ccfc6d4b" outcome="Passed" testListId="8c84fa94-04c1-424b-9868-57a2d4851a1d"/>
    <UnitTestResult testId="bf25a859-806d-492d-b5a0-c33405b7faf3" executionId="d4a94175-1006-44f7-870f-1919b15f811b" testName="&lt;Main/> / When disabled / Displays the input field" computerName="Helens-iMac.local" duration="00:00:00.938" startTime="2020-05-01T10:41:29.469Z" endTime="2020-05-01T10:41:30.407Z" testType="13cdc9d9-ddb5-4fa4-a97d-d965ccfc6d4b" outcome="Passed" testListId="8c84fa94-04c1-424b-9868-57a2d4851a1d"/>
    <UnitTestResult testId="03496b6a-9494-49b2-a9f2-f9eaa73845f9" executionId="54c7c800-afbd-4c98-b633-2fc7885de633" testName="renders The App without error" computerName="Helens-iMac.local" duration="00:00:01.898" startTime="2020-05-01T10:41:28.531Z" endTime="2020-05-01T10:41:30.429Z" testType="13cdc9d9-ddb5-4fa4-a97d-d965ccfc6d4b" outcome="Passed" testListId="8c84fa94-04c1-424b-9868-57a2d4851a1d"/>
    <UnitTestResult testId="7c656096-c59d-4055-b6c4-adc89b69c08c" executionId="5cdb8925-c25f-47a8-95d7-103b9868dc63" testName="&lt;FlowContainer/> / is disabled by default" computerName="Helens-iMac.local" duration="00:00:00.329" startTime="2020-05-01T10:41:30.347Z" endTime="2020-05-01T10:41:30.676Z" testType="13cdc9d9-ddb5-4fa4-a97d-d965ccfc6d4b" outcome="Passed" testListId="8c84fa94-04c1-424b-9868-57a2d4851a1d"/>
    <UnitTestResult testId="8d8d19d2-c65a-4bc7-996b-295d394ded61" executionId="9f18ba67-a4c7-40b7-a43f-58d049edbdd7" testName="&lt;FlowContainer/> / When First Enabled / Shows the Flow Component" computerName="Helens-iMac.local" duration="00:00:00.329" startTime="2020-05-01T10:41:30.676Z" endTime="2020-05-01T10:41:31.005Z" testType="13cdc9d9-ddb5-4fa4-a97d-d965ccfc6d4b" outcome="Passed" testListId="8c84fa94-04c1-424b-9868-57a2d4851a1d"/>
    <UnitTestResult testId="08f785a7-d5a4-4d63-9db1-772845eff698" executionId="ee937226-b808-496a-a85d-3b243488eab4" testName="&lt;Update/> / It renders without error" computerName="Helens-iMac.local" duration="00:00:00.218" startTime="2020-05-01T10:41:30.458Z" endTime="2020-05-01T10:41:30.676Z" testType="13cdc9d9-ddb5-4fa4-a97d-d965ccfc6d4b" outcome="Passed" testListId="8c84fa94-04c1-424b-9868-57a2d4851a1d"/>
    <UnitTestResult testId="4a06ade3-f2c6-466d-b679-ce99b6e52b19" executionId="aed70ac9-0e20-49ef-8a09-5ad8584fadc5" testName="&lt;Update/> / when disabled / The disabled class is applied" computerName="Helens-iMac.local" duration="00:00:00.218" startTime="2020-05-01T10:41:30.676Z" endTime="2020-05-01T10:41:30.894Z" testType="13cdc9d9-ddb5-4fa4-a97d-d965ccfc6d4b" outcome="Passed" testListId="8c84fa94-04c1-424b-9868-57a2d4851a1d"/>
    <UnitTestResult testId="4843e580-1fd4-4c16-91e2-150e736de2c9" executionId="cd7b8a25-99f3-487d-9d78-1a0b8abac50c" testName="&lt;Update/> / when ran / the ran class is appled" computerName="Helens-iMac.local" duration="00:00:00.218" startTime="2020-05-01T10:41:30.894Z" endTime="2020-05-01T10:41:31.112Z" testType="13cdc9d9-ddb5-4fa4-a97d-d965ccfc6d4b" outcome="Passed" testListId="8c84fa94-04c1-424b-9868-57a2d4851a1d"/>
    <UnitTestResult testId="e887500c-37f7-4e83-8171-f2fa607f1084" executionId="97848cff-91be-458f-a39d-eebf3a4038a2" testName="&lt;RefreshButton/> / renders without error" computerName="Helens-iMac.local" duration="00:00:00.367" startTime="2020-05-01T10:41:30.429Z" endTime="2020-05-01T10:41:30.796Z" testType="13cdc9d9-ddb5-4fa4-a97d-d965ccfc6d4b" outcome="Passed" testListId="8c84fa94-04c1-424b-9868-57a2d4851a1d"/>
    <UnitTestResult testId="d46b9cc3-0d25-4463-87ce-2c01d0281a42" executionId="485821b1-8f00-4ea1-aa38-23b6c6cda8a6" testName="&lt;RefreshButton/> / on click / it calls refresh method in the context" computerName="Helens-iMac.local" duration="00:00:00.367" startTime="2020-05-01T10:41:30.796Z" endTime="2020-05-01T10:41:31.163Z" testType="13cdc9d9-ddb5-4fa4-a97d-d965ccfc6d4b" outcome="Passed" testListId="8c84fa94-04c1-424b-9868-57a2d4851a1d"/>
    <UnitTestResult testId="d02f7704-ae8a-42cb-a0aa-84760eddb541" executionId="15de4c87-d344-48cd-abad-5fe2eee4d95c" testName="&lt;ListItem/> / renders without error" computerName="Helens-iMac.local" duration="00:00:00.192" startTime="2020-05-01T10:41:31.026Z" endTime="2020-05-01T10:41:31.218Z" testType="13cdc9d9-ddb5-4fa4-a97d-d965ccfc6d4b" outcome="Passed" testListId="8c84fa94-04c1-424b-9868-57a2d4851a1d"/>
    <UnitTestResult testId="e20623e8-bf49-492d-bd2e-8849388b6a53" executionId="891cd2d1-3137-473b-b853-136e2f8e0b6a" testName="&lt;ListItem/> / When clicked / calls showNext" computerName="Helens-iMac.local" duration="00:00:00.192" startTime="2020-05-01T10:41:31.218Z" endTime="2020-05-01T10:41:31.410Z" testType="13cdc9d9-ddb5-4fa4-a97d-d965ccfc6d4b" outcome="Passed" testListId="8c84fa94-04c1-424b-9868-57a2d4851a1d"/>
    <UnitTestResult testId="6e22b9f5-ca90-4784-8419-49b49753a7aa" executionId="21e7c563-e5a6-4955-b5f5-f6818e09d816" testName="&lt;Button /> / renders without error" computerName="Helens-iMac.local" duration="00:00:00.103" startTime="2020-05-01T10:41:31.128Z" endTime="2020-05-01T10:41:31.231Z" testType="13cdc9d9-ddb5-4fa4-a97d-d965ccfc6d4b" outcome="Passed" testListId="8c84fa94-04c1-424b-9868-57a2d4851a1d"/>
    <UnitTestResult testId="238e047d-3332-4fcd-8bea-baa699120091" executionId="adce955c-540d-4e9b-b65a-f2d9a2ece21f" testName="&lt;Button /> / can be set to be active" computerName="Helens-iMac.local" duration="00:00:00.103" startTime="2020-05-01T10:41:31.231Z" endTime="2020-05-01T10:41:31.334Z" testType="13cdc9d9-ddb5-4fa4-a97d-d965ccfc6d4b" outcome="Passed" testListId="8c84fa94-04c1-424b-9868-57a2d4851a1d"/>
    <UnitTestResult testId="a547a924-18da-4aff-8098-8eccfbd040bf" executionId="575edc82-132a-43c2-bfa5-cc371eb8f01e" testName="&lt;Button /> / can accept other classes" computerName="Helens-iMac.local" duration="00:00:00.103" startTime="2020-05-01T10:41:31.334Z" endTime="2020-05-01T10:41:31.437Z" testType="13cdc9d9-ddb5-4fa4-a97d-d965ccfc6d4b" outcome="Passed" testListId="8c84fa94-04c1-424b-9868-57a2d4851a1d"/>
    <UnitTestResult testId="c444ed3c-d487-43c1-ac1c-085438078293" executionId="02b6ba40-8012-4414-9c50-82a9871b0b38" testName="&lt;Header/> / renders without error" computerName="Helens-iMac.local" duration="00:00:00.150" startTime="2020-05-01T10:41:31.176Z" endTime="2020-05-01T10:41:31.326Z" testType="13cdc9d9-ddb5-4fa4-a97d-d965ccfc6d4b" outcome="Passed" testListId="8c84fa94-04c1-424b-9868-57a2d4851a1d"/>
    <UnitTestResult testId="76ff849f-da2a-4b3f-a0e3-f576b8d0adc2" executionId="6f9ad08b-57e8-405e-b523-800e8a173312" testName="&lt;Header/> / Displays a user name" computerName="Helens-iMac.local" duration="00:00:00.150" startTime="2020-05-01T10:41:31.326Z" endTime="2020-05-01T10:41:31.476Z" testType="13cdc9d9-ddb5-4fa4-a97d-d965ccfc6d4b" outcome="Passed" testListId="8c84fa94-04c1-424b-9868-57a2d4851a1d"/>
    <UnitTestResult testId="7c314486-f704-445f-999b-3cbda64915ef" executionId="3d91b470-b676-4896-85d9-39fa37a33453" testName="&lt;RunArrow/> / It renders without error" computerName="Helens-iMac.local" duration="00:00:00.135" startTime="2020-05-01T10:41:31.425Z" endTime="2020-05-01T10:41:31.560Z" testType="13cdc9d9-ddb5-4fa4-a97d-d965ccfc6d4b" outcome="Passed" testListId="8c84fa94-04c1-424b-9868-57a2d4851a1d"/>
    <UnitTestResult testId="1fbfa110-79b2-4989-a5a4-c3480f5c8bbd" executionId="c4478a8c-2163-47c2-888c-0bff251645e2" testName="&lt;RunArrow/> / when disabled / The disabled class is applied" computerName="Helens-iMac.local" duration="00:00:00.135" startTime="2020-05-01T10:41:31.560Z" endTime="2020-05-01T10:41:31.695Z" testType="13cdc9d9-ddb5-4fa4-a97d-d965ccfc6d4b" outcome="Passed" testListId="8c84fa94-04c1-424b-9868-57a2d4851a1d"/>
    <UnitTestResult testId="c43b2506-9778-4d68-976f-2e1ed5b73d35" executionId="c30ebfb5-d840-449d-9027-430f1ad2cc86" testName="&lt;RunArrow/> / when ran / the ran class is applied" computerName="Helens-iMac.local" duration="00:00:00.135" startTime="2020-05-01T10:41:31.695Z" endTime="2020-05-01T10:41:31.830Z" testType="13cdc9d9-ddb5-4fa4-a97d-d965ccfc6d4b" outcome="Passed" testListId="8c84fa94-04c1-424b-9868-57a2d4851a1d"/>
    <UnitTestResult testId="36c79d68-0def-4e93-9eea-619d3f7e1d8d" executionId="a818895c-8479-4dff-9d2c-05908fffa5a3" testName="&lt;Input/> / it renders without error" computerName="Helens-iMac.local" duration="00:00:00.087" startTime="2020-05-01T10:41:31.448Z" endTime="2020-05-01T10:41:31.535Z" testType="13cdc9d9-ddb5-4fa4-a97d-d965ccfc6d4b" outcome="Passed" testListId="8c84fa94-04c1-424b-9868-57a2d4851a1d"/>
    <UnitTestResult testId="ea73b70c-9428-4e3b-8179-f79e6b3a8a20" executionId="044073fc-38db-45b4-a166-a63b63efc475" testName="&lt;Input/> / when disabled / has the disabled class" computerName="Helens-iMac.local" duration="00:00:00.087" startTime="2020-05-01T10:41:31.535Z" endTime="2020-05-01T10:41:31.622Z" testType="13cdc9d9-ddb5-4fa4-a97d-d965ccfc6d4b" outcome="Passed" testListId="8c84fa94-04c1-424b-9868-57a2d4851a1d"/>
    <UnitTestResult testId="cad0f18a-b8f5-4d0b-ac2d-65462e432021" executionId="b7c5aa77-b46c-4986-9b7e-2fc2f203710c" testName="&lt;Input/> / when disabled / Cannot call uploadData" computerName="Helens-iMac.local" duration="00:00:00.087" startTime="2020-05-01T10:41:31.622Z" endTime="2020-05-01T10:41:31.709Z" testType="13cdc9d9-ddb5-4fa4-a97d-d965ccfc6d4b" outcome="Passed" testListId="8c84fa94-04c1-424b-9868-57a2d4851a1d"/>
    <UnitTestResult testId="932923ce-97a2-417e-87a4-44c2612aa6f8" executionId="32db50c4-7189-4233-b8a8-333c4b95605d" testName="&lt;Input/> / when enabled / does not have the disabled class" computerName="Helens-iMac.local" duration="00:00:00.087" startTime="2020-05-01T10:41:31.709Z" endTime="2020-05-01T10:41:31.796Z" testType="13cdc9d9-ddb5-4fa4-a97d-d965ccfc6d4b" outcome="Passed" testListId="8c84fa94-04c1-424b-9868-57a2d4851a1d"/>
    <UnitTestResult testId="be053d8d-195d-4dbc-b0dd-17ac15d1da12" executionId="68943fc9-f36f-4afb-ba2d-2a6d521fd120" testName="&lt;Input/> / when enabled / when clicked / It calls the uploadData function" computerName="Helens-iMac.local" duration="00:00:00.087" startTime="2020-05-01T10:41:31.796Z" endTime="2020-05-01T10:41:31.883Z" testType="13cdc9d9-ddb5-4fa4-a97d-d965ccfc6d4b" outcome="Passed" testListId="8c84fa94-04c1-424b-9868-57a2d4851a1d"/>
    <UnitTestResult testId="4977e7e1-890d-4be7-93f3-3ea20a49896b" executionId="b6c925c8-942d-44b4-9c70-86e453ebdff6" testName="&lt;ResultsButton/> / renders without error" computerName="Helens-iMac.local" duration="00:00:00.147" startTime="2020-05-01T10:41:31.488Z" endTime="2020-05-01T10:41:31.635Z" testType="13cdc9d9-ddb5-4fa4-a97d-d965ccfc6d4b" outcome="Passed" testListId="8c84fa94-04c1-424b-9868-57a2d4851a1d"/>
    <UnitTestResult testId="a27e92a0-2567-4ce0-a523-cb8ab850b29c" executionId="70161513-7443-414c-8d8b-1153f041d646" testName="&lt;ResultsButton/> / when disabled / should have class disabled" computerName="Helens-iMac.local" duration="00:00:00.147" startTime="2020-05-01T10:41:31.635Z" endTime="2020-05-01T10:41:31.782Z" testType="13cdc9d9-ddb5-4fa4-a97d-d965ccfc6d4b" outcome="Passed" testListId="8c84fa94-04c1-424b-9868-57a2d4851a1d"/>
    <UnitTestResult testId="be648623-a332-4c05-86e3-f84de8555b8d" executionId="c0f70c1a-3c30-4454-b4e8-39c3d7faeea2" testName="&lt;ResultsButton/> / when not disabled / should not have class disabled" computerName="Helens-iMac.local" duration="00:00:00.147" startTime="2020-05-01T10:41:31.782Z" endTime="2020-05-01T10:41:31.929Z" testType="13cdc9d9-ddb5-4fa4-a97d-d965ccfc6d4b" outcome="Passed" testListId="8c84fa94-04c1-424b-9868-57a2d4851a1d"/>
    <UnitTestResult testId="78a12ac7-66c6-4037-a83b-746b015386ac" executionId="64b4827c-5ccd-4e18-a3c6-9150337b1741" testName="&lt;Help/> / renders without error" computerName="Helens-iMac.local" duration="00:00:00.207" startTime="2020-05-01T10:41:31.842Z" endTime="2020-05-01T10:41:32.049Z" testType="13cdc9d9-ddb5-4fa4-a97d-d965ccfc6d4b" outcome="Passed" testListId="8c84fa94-04c1-424b-9868-57a2d4851a1d"/>
    <UnitTestResult testId="8e5b7f66-0028-4097-b144-ecbd7f0c53cf" executionId="cadaab0f-7b6d-45cd-968f-cc92eea0d792" testName="&lt;Help/> / Shows help text returned from context" computerName="Helens-iMac.local" duration="00:00:00.207" startTime="2020-05-01T10:41:32.049Z" endTime="2020-05-01T10:41:32.256Z" testType="13cdc9d9-ddb5-4fa4-a97d-d965ccfc6d4b" outcome="Passed" testListId="8c84fa94-04c1-424b-9868-57a2d4851a1d"/>
    <UnitTestResult testId="f8cdbb08-07b1-43ed-af1a-5a5d557f8039" executionId="593e5b8e-c37c-41f6-a091-1015d2d7895a" testName="&lt;ScenarioModelling/> / it renders without error" computerName="Helens-iMac.local" duration="00:00:00.118" startTime="2020-05-01T10:41:31.906Z" endTime="2020-05-01T10:41:32.024Z" testType="13cdc9d9-ddb5-4fa4-a97d-d965ccfc6d4b" outcome="Passed" testListId="8c84fa94-04c1-424b-9868-57a2d4851a1d"/>
    <UnitTestResult testId="ead34a58-812a-426c-b52d-9348548f5ddd" executionId="505ac2d6-07bb-40d1-b49c-2f0b290c7a5c" testName="&lt;ScenarioModelling/> / It has a header" computerName="Helens-iMac.local" duration="00:00:00.118" startTime="2020-05-01T10:41:32.024Z" endTime="2020-05-01T10:41:32.142Z" testType="13cdc9d9-ddb5-4fa4-a97d-d965ccfc6d4b" outcome="Passed" testListId="8c84fa94-04c1-424b-9868-57a2d4851a1d"/>
    <UnitTestResult testId="b7b6dfc9-4601-4a3e-811e-357fb779adc1" executionId="4646c7a4-2258-4535-b445-0eeb2cbe7a2f" testName="&lt;ScenarioModelling/> / It has a drop down select container" computerName="Helens-iMac.local" duration="00:00:00.118" startTime="2020-05-01T10:41:32.142Z" endTime="2020-05-01T10:41:32.260Z" testType="13cdc9d9-ddb5-4fa4-a97d-d965ccfc6d4b" outcome="Passed" testListId="8c84fa94-04c1-424b-9868-57a2d4851a1d"/>
    <UnitTestResult testId="803b8a27-d315-4f5d-9ccf-529b1b57a5b3" executionId="6c53e970-4b92-438c-9460-0f179e4ada65" testName="&lt;RunButton / it renders without error" computerName="Helens-iMac.local" duration="00:00:00.066" startTime="2020-05-01T10:41:31.950Z" endTime="2020-05-01T10:41:32.016Z" testType="13cdc9d9-ddb5-4fa4-a97d-d965ccfc6d4b" outcome="Passed" testListId="8c84fa94-04c1-424b-9868-57a2d4851a1d"/>
    <UnitTestResult testId="876d316e-d00a-426f-8334-7de1ad3792ae" executionId="f54e2592-2a40-419f-9c94-e4bd34387e11" testName="&lt;RunButton / when disabled / Has the disabled class" computerName="Helens-iMac.local" duration="00:00:00.066" startTime="2020-05-01T10:41:32.016Z" endTime="2020-05-01T10:41:32.082Z" testType="13cdc9d9-ddb5-4fa4-a97d-d965ccfc6d4b" outcome="Passed" testListId="8c84fa94-04c1-424b-9868-57a2d4851a1d"/>
    <UnitTestResult testId="0092b616-9778-4543-b19e-6db0c093131c" executionId="65a69731-f58d-413c-8f4f-9b5d57576496" testName="&lt;RunButton / when disabled / Cannot call run data" computerName="Helens-iMac.local" duration="00:00:00.066" startTime="2020-05-01T10:41:32.082Z" endTime="2020-05-01T10:41:32.148Z" testType="13cdc9d9-ddb5-4fa4-a97d-d965ccfc6d4b" outcome="Passed" testListId="8c84fa94-04c1-424b-9868-57a2d4851a1d"/>
    <UnitTestResult testId="5320fa99-b974-4eaa-83ae-1599a8b244a2" executionId="40583b50-4bc3-46f0-ba7b-ec46a4fdced9" testName="&lt;RunButton / when enabled / Does not have the disabled class" computerName="Helens-iMac.local" duration="00:00:00.066" startTime="2020-05-01T10:41:32.148Z" endTime="2020-05-01T10:41:32.214Z" testType="13cdc9d9-ddb5-4fa4-a97d-d965ccfc6d4b" outcome="Passed" testListId="8c84fa94-04c1-424b-9868-57a2d4851a1d"/>
    <UnitTestResult testId="b82fd48d-0bc2-4da6-a4bf-a41115ccb384" executionId="8ad7eaf5-8287-416a-ad39-8579f5345cc9" testName="&lt;RunButton / when enabled / Can call run data" computerName="Helens-iMac.local" duration="00:00:00.066" startTime="2020-05-01T10:41:32.214Z" endTime="2020-05-01T10:41:32.280Z" testType="13cdc9d9-ddb5-4fa4-a97d-d965ccfc6d4b" outcome="Passed" testListId="8c84fa94-04c1-424b-9868-57a2d4851a1d"/>
    <UnitTestResult testId="ec43fb7e-e5cc-4d3e-aeba-988bb24536f0" executionId="1d8476db-96a8-4896-bb77-7f543c77c71d" testName="&lt;Form/> / renders without error" computerName="Helens-iMac.local" duration="00:00:00.118" startTime="2020-05-01T10:41:32.269Z" endTime="2020-05-01T10:41:32.387Z" testType="13cdc9d9-ddb5-4fa4-a97d-d965ccfc6d4b" outcome="Passed" testListId="8c84fa94-04c1-424b-9868-57a2d4851a1d"/>
    <UnitTestResult testId="0522523a-7e36-4d3d-9d58-8901cb4efdf0" executionId="aea104f8-8228-4933-94bb-be9a4104fea5" testName="&lt;Form/> / renders a form field for every field item" computerName="Helens-iMac.local" duration="00:00:00.118" startTime="2020-05-01T10:41:32.387Z" endTime="2020-05-01T10:41:32.505Z" testType="13cdc9d9-ddb5-4fa4-a97d-d965ccfc6d4b" outcome="Passed" testListId="8c84fa94-04c1-424b-9868-57a2d4851a1d"/>
    <UnitTestResult testId="bef48eb5-b3d0-4220-b16a-5e00eb1e8b0a" executionId="83a42e67-6890-411f-ad7a-b9080508df02" testName="dataContextFactory / Returns a Context Object and a provider / That does not throw an error when wrapping another element" computerName="Helens-iMac.local" duration="00:00:00.234" startTime="2020-05-01T10:41:32.271Z" endTime="2020-05-01T10:41:32.505Z" testType="13cdc9d9-ddb5-4fa4-a97d-d965ccfc6d4b" outcome="Passed" testListId="8c84fa94-04c1-424b-9868-57a2d4851a1d"/>
    <UnitTestResult testId="0d3524aa-08c1-4ba8-a4e7-d1e760a37af6" executionId="521c6655-ee27-45c2-b1ea-3a9dc8879ab6" testName="&lt;Arrow /> / it renders without error" computerName="Helens-iMac.local" duration="00:00:00.080" startTime="2020-05-01T10:41:32.294Z" endTime="2020-05-01T10:41:32.374Z" testType="13cdc9d9-ddb5-4fa4-a97d-d965ccfc6d4b" outcome="Passed" testListId="8c84fa94-04c1-424b-9868-57a2d4851a1d"/>
    <UnitTestResult testId="e399544f-b483-4f93-89bb-1661ca331d8d" executionId="fd2b5627-9d99-405c-a903-fdbb583a01ff" testName="&lt;Arrow /> / renders without Error when passed a valid set of paths" computerName="Helens-iMac.local" duration="00:00:00.080" startTime="2020-05-01T10:41:32.374Z" endTime="2020-05-01T10:41:32.454Z" testType="13cdc9d9-ddb5-4fa4-a97d-d965ccfc6d4b" outcome="Passed" testListId="8c84fa94-04c1-424b-9868-57a2d4851a1d"/>
    <UnitTestResult testId="e53725ab-b45f-48dc-b9ce-1f543b637684" executionId="f8ba46d3-a927-4d5e-aa88-86ab149226e3" testName="&lt;Arrow /> / takes a child path element and renders it" computerName="Helens-iMac.local" duration="00:00:00.080" startTime="2020-05-01T10:41:32.454Z" endTime="2020-05-01T10:41:32.534Z" testType="13cdc9d9-ddb5-4fa4-a97d-d965ccfc6d4b" outcome="Passed" testListId="8c84fa94-04c1-424b-9868-57a2d4851a1d"/>
    <UnitTestResult testId="74ef9d67-1126-484b-a856-2b8b1c69dcd5" executionId="921127fc-3a3f-44d8-97d5-094f4b3ef49d" testName="&lt;FormField/> / it renders without error" computerName="Helens-iMac.local" duration="00:00:00.242" startTime="2020-05-01T10:41:32.514Z" endTime="2020-05-01T10:41:32.756Z" testType="13cdc9d9-ddb5-4fa4-a97d-d965ccfc6d4b" outcome="Passed" testListId="8c84fa94-04c1-424b-9868-57a2d4851a1d"/>
    <UnitTestResult testId="70564daa-9563-4650-8630-72ebe0c3b473" executionId="a4a75493-f924-427b-9eff-217d35f944d6" testName="&lt;Nav/> / renders without error" computerName="Helens-iMac.local" duration="00:00:00.272" startTime="2020-05-01T10:41:32.543Z" endTime="2020-05-01T10:41:32.815Z" testType="13cdc9d9-ddb5-4fa4-a97d-d965ccfc6d4b" outcome="Passed" testListId="8c84fa94-04c1-424b-9868-57a2d4851a1d"/>
    <UnitTestResult testId="f01d7885-57fc-4de1-ac0c-5b5633d47c22" executionId="240dd94e-62b5-4f42-9561-0040f6d5d300" testName="&lt;List/> / It renders without error" computerName="Helens-iMac.local" duration="00:00:00.112" startTime="2020-05-01T10:41:32.514Z" endTime="2020-05-01T10:41:32.626Z" testType="13cdc9d9-ddb5-4fa4-a97d-d965ccfc6d4b" outcome="Passed" testListId="8c84fa94-04c1-424b-9868-57a2d4851a1d"/>
    <UnitTestResult testId="b25ff730-c974-4e60-9214-152f8a2fec86" executionId="cf3b7ec3-094f-45ae-b19c-31d2b3338412" testName="&lt;List/> / Drop Down List / Displays a default selection" computerName="Helens-iMac.local" duration="00:00:00.112" startTime="2020-05-01T10:41:32.626Z" endTime="2020-05-01T10:41:32.738Z" testType="13cdc9d9-ddb5-4fa4-a97d-d965ccfc6d4b" outcome="Passed" testListId="8c84fa94-04c1-424b-9868-57a2d4851a1d"/>
    <UnitTestResult testId="30d76b63-fe54-4b61-a2b1-5f8733a5251f" executionId="c4c6a54a-b393-44c3-94f7-1c4131373d38" testName="&lt;List/> / Drop Down List / On Click / Displays a collection of items" computerName="Helens-iMac.local" duration="00:00:00.112" startTime="2020-05-01T10:41:32.738Z" endTime="2020-05-01T10:41:32.850Z" testType="13cdc9d9-ddb5-4fa4-a97d-d965ccfc6d4b" outcome="Passed" testListId="8c84fa94-04c1-424b-9868-57a2d4851a1d"/>
    <UnitTestResult testId="adcabd3f-e12d-4be1-b171-948a0dd78d79" executionId="147647d1-2f0a-446c-9c01-f7f2b8dfbf24" testName="Scenario Context / ScenarioReducer / Returns a default state" computerName="Helens-iMac.local" duration="00:00:00.042" startTime="2020-05-01T10:41:32.826Z" endTime="2020-05-01T10:41:32.868Z" testType="13cdc9d9-ddb5-4fa4-a97d-d965ccfc6d4b" outcome="Passed" testListId="8c84fa94-04c1-424b-9868-57a2d4851a1d"/>
    <UnitTestResult testId="3dcb678e-b81f-4675-97e6-dd47d607377d" executionId="41e35773-dce4-426c-a037-89ddc262de53" testName="Scenario Context / ScenarioReducer / When Type is SHOW_SCENARIOS / Adds scenarioOptions to the state" computerName="Helens-iMac.local" duration="00:00:00.042" startTime="2020-05-01T10:41:32.868Z" endTime="2020-05-01T10:41:32.910Z" testType="13cdc9d9-ddb5-4fa4-a97d-d965ccfc6d4b" outcome="Passed" testListId="8c84fa94-04c1-424b-9868-57a2d4851a1d"/>
    <UnitTestResult testId="bf55f164-fd5e-4023-a0a1-9ffef6bedf2f" executionId="07ed5444-23f8-484e-be7a-08af99aae7ed" testName="Scenario Context / Action Creators / showScenarios / It dispatches the showScenarios action" computerName="Helens-iMac.local" duration="00:00:00.042" startTime="2020-05-01T10:41:32.910Z" endTime="2020-05-01T10:41:32.952Z" testType="13cdc9d9-ddb5-4fa4-a97d-d965ccfc6d4b" outcome="Passed" testListId="8c84fa94-04c1-424b-9868-57a2d4851a1d"/>
    <UnitTestResult testId="ef6f947e-93a2-434b-bbe8-3568fcc0e2f8" executionId="5b14eeb9-2d0e-41be-ac40-564d9560f0a4" testName="FlowContext / reducer / When type is START_FLOW / it returns some default state" computerName="Helens-iMac.local" duration="00:00:00.034" startTime="2020-05-01T10:41:32.766Z" endTime="2020-05-01T10:41:32.800Z" testType="13cdc9d9-ddb5-4fa4-a97d-d965ccfc6d4b" outcome="Passed" testListId="8c84fa94-04c1-424b-9868-57a2d4851a1d"/>
    <UnitTestResult testId="dfe9c68f-8744-40e3-aa37-639778d56345" executionId="6352dd4f-d99a-4ba6-9f03-2cc20bd987eb" testName="FlowContext / reducer / action creators / Upload Data / uploadData dispatches UPLOADINGDATA action" computerName="Helens-iMac.local" duration="00:00:00.034" startTime="2020-05-01T10:41:32.800Z" endTime="2020-05-01T10:41:32.834Z" testType="13cdc9d9-ddb5-4fa4-a97d-d965ccfc6d4b" outcome="Passed" testListId="8c84fa94-04c1-424b-9868-57a2d4851a1d"/>
    <UnitTestResult testId="6e9d6b5f-9ceb-4467-b3ea-c8489e650ff4" executionId="38ec4568-584c-492a-a0e6-797e5c26b86e" testName="FlowContext / reducer / action creators / Upload Data / uploadData also fires INPUT_DATA action" computerName="Helens-iMac.local" duration="00:00:00.034" startTime="2020-05-01T10:41:32.834Z" endTime="2020-05-01T10:41:32.868Z" testType="13cdc9d9-ddb5-4fa4-a97d-d965ccfc6d4b" outcome="Passed" testListId="8c84fa94-04c1-424b-9868-57a2d4851a1d"/>
    <UnitTestResult testId="6afbe996-b5c7-47e4-9b4a-9b6ff024cc21" executionId="2cb036fb-e808-4d66-9c1e-cd290d89abfe" testName="FlowContext / reducer / action creators / run data / calls RUN_DATA reducer action" computerName="Helens-iMac.local" duration="00:00:00.034" startTime="2020-05-01T10:41:32.868Z" endTime="2020-05-01T10:41:32.902Z" testType="13cdc9d9-ddb5-4fa4-a97d-d965ccfc6d4b" outcome="Passed" testListId="8c84fa94-04c1-424b-9868-57a2d4851a1d"/>
    <UnitTestResult testId="b4f5dffb-c69a-44a5-8fb1-8189fe24bb05" executionId="78e414f1-1f4e-41e1-b49c-3cd3b3628ea8" testName="FlowContext / reducer / action creators / inputData / It dispatches the INPUT_DATA action" computerName="Helens-iMac.local" duration="00:00:00.034" startTime="2020-05-01T10:41:32.902Z" endTime="2020-05-01T10:41:32.936Z" testType="13cdc9d9-ddb5-4fa4-a97d-d965ccfc6d4b" outcome="Passed" testListId="8c84fa94-04c1-424b-9868-57a2d4851a1d"/>
    <UnitTestResult testId="e018ddad-8f87-4bf3-8258-bed6e15244b2" executionId="34582a15-b0d3-4c8d-b204-21e4c7d876da" testName="FlowContext / reducer / action creators / start / It dispatches the START action with a file payload" computerName="Helens-iMac.local" duration="00:00:00.034" startTime="2020-05-01T10:41:32.936Z" endTime="2020-05-01T10:41:32.970Z" testType="13cdc9d9-ddb5-4fa4-a97d-d965ccfc6d4b" outcome="Passed" testListId="8c84fa94-04c1-424b-9868-57a2d4851a1d"/>
    <UnitTestResult testId="4b58b7ef-3c33-4cba-8109-1ba718782fe8" executionId="4dd63c8c-b5b4-4262-9fd4-95b99f5473ac" testName="getColumnItem / returns the correct columnItem for items on first tier" computerName="Helens-iMac.local" duration="00:00:00.021" startTime="2020-05-01T10:41:32.861Z" endTime="2020-05-01T10:41:32.882Z" testType="13cdc9d9-ddb5-4fa4-a97d-d965ccfc6d4b" outcome="Passed" testListId="8c84fa94-04c1-424b-9868-57a2d4851a1d"/>
    <UnitTestResult testId="275a55a8-d9bf-4388-86cd-6f2ee02db4a3" executionId="a9b49158-4f62-44e7-b6b6-9688e484cf95" testName="getColumnItem / return the correct column item for items on the 5th tier" computerName="Helens-iMac.local" duration="00:00:00.021" startTime="2020-05-01T10:41:32.882Z" endTime="2020-05-01T10:41:32.903Z" testType="13cdc9d9-ddb5-4fa4-a97d-d965ccfc6d4b" outcome="Passed" testListId="8c84fa94-04c1-424b-9868-57a2d4851a1d"/>
    <UnitTestResult testId="a6bf8386-e754-4387-9ce5-d9f98d5b1620" executionId="c1ca1a06-53df-4970-a5bd-0cf4e994e05c" testName="buildColumnItem / When input options is the same length as the column number / it appends a new column item" computerName="Helens-iMac.local" duration="00:00:00.021" startTime="2020-05-01T10:41:32.903Z" endTime="2020-05-01T10:41:32.924Z" testType="13cdc9d9-ddb5-4fa4-a97d-d965ccfc6d4b" outcome="Passed" testListId="8c84fa94-04c1-424b-9868-57a2d4851a1d"/>
    <UnitTestResult testId="157ccaaf-8db1-484f-97fd-ebddbd1c4cc3" executionId="6e698a8e-be2a-4a3d-8404-8d2899d9db25" testName="buildColumnItem / When input options is the same length as the column number / The new item has column index of 2" computerName="Helens-iMac.local" duration="00:00:00.021" startTime="2020-05-01T10:41:32.924Z" endTime="2020-05-01T10:41:32.945Z" testType="13cdc9d9-ddb5-4fa4-a97d-d965ccfc6d4b" outcome="Passed" testListId="8c84fa94-04c1-424b-9868-57a2d4851a1d"/>
    <UnitTestResult testId="f42f5385-e6bc-46a1-a5f9-c0660223a1a4" executionId="ef4738ee-2ce8-401e-a6a1-521b6f380bd8" testName="buildColumnItem / When input options length is greater than selected option / When an item is selected from the first column / it returns a list with 2 elements" computerName="Helens-iMac.local" duration="00:00:00.021" startTime="2020-05-01T10:41:32.945Z" endTime="2020-05-01T10:41:32.966Z" testType="13cdc9d9-ddb5-4fa4-a97d-d965ccfc6d4b" outcome="Passed" testListId="8c84fa94-04c1-424b-9868-57a2d4851a1d"/>
    <UnitTestResult testId="49e3efa3-6227-4cd8-8645-60a1ea211c43" executionId="8b2b897e-d679-4a61-a269-1939aaa73dfb" testName="buildColumnItem / When input options length is greater than selected option / When an item is selected from the first column / The 2nd element has a idx of 2" computerName="Helens-iMac.local" duration="00:00:00.021" startTime="2020-05-01T10:41:32.966Z" endTime="2020-05-01T10:41:32.987Z" testType="13cdc9d9-ddb5-4fa4-a97d-d965ccfc6d4b" outcome="Passed" testListId="8c84fa94-04c1-424b-9868-57a2d4851a1d"/>
  </Results>
</TestRun>